TN:
SF:app.js
FNF:0
FNH:0
DA:1,1
DA:2,1
DA:3,1
DA:4,1
DA:5,1
DA:6,1
DA:7,1
DA:8,1
DA:9,1
DA:10,1
DA:11,1
DA:12,1
DA:13,1
DA:14,1
DA:15,1
DA:16,1
DA:17,1
DA:18,1
DA:19,1
DA:20,2
DA:21,2
DA:22,1
DA:23,0
DA:24,0
DA:25,1
DA:26,1
DA:27,1
DA:28,1
DA:29,1
DA:30,1
DA:31,1
DA:32,1
DA:33,1
DA:34,1
DA:35,1
DA:36,1
DA:37,1
DA:38,1
DA:39,1
DA:40,1
DA:41,1
DA:42,1
DA:43,1
DA:44,1
DA:45,1
DA:46,1
DA:47,1
DA:48,1
DA:49,0
DA:50,0
DA:51,1
DA:52,1
DA:53,0
DA:54,0
DA:55,0
DA:56,0
DA:57,1
DA:58,1
LF:58
LH:50
BRDA:19,0,0,2
BRF:1
BRH:1
end_of_record
TN:
SF:controllers/blogs.js
FNF:0
FNH:0
DA:1,1
DA:2,1
DA:3,1
DA:4,1
DA:5,1
DA:6,3
DA:7,3
DA:8,3
DA:9,3
DA:10,1
DA:11,1
DA:12,1
DA:13,1
DA:14,1
DA:15,1
DA:16,0
DA:17,0
DA:18,1
DA:19,1
DA:20,1
DA:21,21
DA:22,21
DA:23,21
DA:24,21
DA:25,21
DA:26,21
DA:27,21
DA:28,21
DA:29,2
DA:30,2
DA:31,2
DA:32,2
DA:33,19
DA:34,19
DA:35,19
DA:36,21
DA:37,21
DA:38,21
DA:39,21
DA:40,21
DA:41,21
DA:42,21
DA:43,18
DA:44,18
DA:45,18
DA:46,18
DA:47,18
DA:48,1
DA:49,1
DA:50,1
DA:51,1
DA:52,1
DA:53,0
DA:54,0
DA:55,1
DA:56,1
DA:57,1
DA:58,1
DA:59,1
DA:60,0
DA:61,0
DA:62,1
DA:63,1
DA:64,1
DA:65,1
DA:66,1
DA:67,1
DA:68,1
DA:69,1
DA:70,1
DA:71,1
DA:72,1
DA:73,1
DA:74,1
DA:75,1
DA:76,1
DA:77,1
DA:78,1
DA:79,1
DA:80,1
DA:81,1
DA:82,1
DA:83,1
DA:84,1
DA:85,1
DA:86,1
DA:87,1
DA:88,1
DA:89,1
DA:90,1
DA:91,1
DA:92,1
DA:93,1
DA:94,1
DA:95,1
DA:96,1
DA:97,1
DA:98,1
DA:99,1
DA:100,1
DA:101,1
DA:102,1
DA:103,1
DA:104,1
DA:105,1
DA:106,1
DA:107,1
DA:108,1
DA:109,1
DA:110,1
DA:111,0
DA:112,0
DA:113,1
DA:114,1
DA:115,1
DA:116,1
DA:117,1
DA:118,0
DA:119,0
DA:120,0
DA:121,0
DA:122,0
DA:123,0
DA:124,0
DA:125,0
DA:126,0
DA:127,0
DA:128,0
DA:129,0
DA:130,0
DA:131,0
DA:132,0
DA:133,0
DA:134,1
DA:135,1
LF:135
LH:111
BRDA:5,0,0,3
BRDA:11,1,0,1
BRDA:15,2,0,0
BRDA:20,3,0,21
BRDA:28,4,0,2
BRDA:32,5,0,19
BRDA:36,6,0,1
BRDA:39,7,0,9
BRDA:43,8,0,18
BRDA:49,9,0,1
BRDA:52,10,0,0
BRDA:59,11,0,0
BRDA:101,12,0,1
BRDA:110,13,0,0
BRF:14
BRH:10
end_of_record
TN:
SF:controllers/login.js
FNF:0
FNH:0
DA:1,1
DA:2,1
DA:3,1
DA:4,1
DA:5,1
DA:6,1
DA:7,12
DA:8,12
DA:9,12
DA:10,12
DA:11,12
DA:12,1
DA:13,11
DA:14,11
DA:15,12
DA:16,3
DA:17,3
DA:18,3
DA:19,3
DA:20,9
DA:21,9
DA:22,9
DA:23,9
DA:24,9
DA:25,9
DA:26,9
DA:27,9
DA:28,9
DA:29,9
DA:30,9
DA:31,9
DA:32,9
DA:33,9
DA:34,9
DA:35,1
DA:36,1
LF:36
LH:36
BRDA:6,0,0,12
BRDA:12,1,0,1
BRDA:13,2,0,11
BRDA:14,3,0,11
BRDA:15,4,0,3
BRDA:19,5,0,9
BRF:6
BRH:6
end_of_record
TN:
SF:controllers/testing.js
FNF:0
FNH:0
DA:1,1
DA:2,1
DA:3,1
DA:4,1
DA:5,1
DA:6,0
DA:7,0
DA:8,0
DA:9,0
DA:10,0
DA:11,1
DA:12,1
LF:12
LH:7
BRF:0
BRH:0
end_of_record
TN:
SF:controllers/users.js
FNF:0
FNH:0
DA:1,1
DA:2,1
DA:3,1
DA:4,1
DA:5,1
DA:6,17
DA:7,17
DA:8,17
DA:9,17
DA:10,1
DA:11,1
DA:12,1
DA:13,1
DA:14,16
DA:15,17
DA:16,4
DA:17,4
DA:18,4
DA:19,4
DA:20,12
DA:21,12
DA:22,12
DA:23,12
DA:24,12
DA:25,12
DA:26,12
DA:27,12
DA:28,12
DA:29,12
DA:30,12
DA:31,12
DA:32,12
DA:33,12
DA:34,1
DA:35,1
DA:36,0
DA:37,0
DA:38,0
DA:39,0
DA:40,0
DA:41,0
DA:42,0
DA:43,0
DA:44,0
DA:45,1
DA:46,1
LF:46
LH:37
BRDA:5,0,0,17
BRDA:9,1,0,1
BRDA:13,2,0,16
BRDA:15,3,0,15
BRDA:15,4,0,14
BRDA:15,5,0,13
BRDA:15,6,0,4
BRDA:19,7,0,12
BRF:8
BRH:8
end_of_record
TN:
SF:models/blog.js
FN:17,transform
FN:46,transform
FNF:2
FNH:1
FNDA:0,transform
FNDA:43,transform
DA:1,1
DA:2,1
DA:3,1
DA:4,1
DA:5,1
DA:6,1
DA:7,1
DA:8,1
DA:9,1
DA:10,1
DA:11,1
DA:12,1
DA:13,1
DA:14,1
DA:15,1
DA:16,1
DA:17,1
DA:18,0
DA:19,0
DA:20,0
DA:21,0
DA:22,1
DA:23,1
DA:24,1
DA:25,1
DA:26,1
DA:27,1
DA:28,1
DA:29,1
DA:30,1
DA:31,1
DA:32,1
DA:33,1
DA:34,1
DA:35,1
DA:36,1
DA:37,1
DA:38,1
DA:39,1
DA:40,1
DA:41,1
DA:42,1
DA:43,1
DA:44,1
DA:45,1
DA:46,1
DA:47,43
DA:48,43
DA:49,43
DA:50,43
DA:51,1
DA:52,1
DA:53,1
LF:53
LH:49
BRDA:46,0,0,43
BRF:1
BRH:1
end_of_record
TN:
SF:models/user.js
FN:23,transform
FNF:1
FNH:1
FNDA:50,transform
DA:1,1
DA:2,1
DA:3,1
DA:4,1
DA:5,1
DA:6,1
DA:7,1
DA:8,1
DA:9,1
DA:10,1
DA:11,1
DA:12,1
DA:13,1
DA:14,1
DA:15,1
DA:16,1
DA:17,1
DA:18,1
DA:19,1
DA:20,1
DA:21,1
DA:22,1
DA:23,1
DA:24,50
DA:25,50
DA:26,50
DA:27,50
DA:28,50
DA:29,50
DA:30,1
DA:31,1
DA:32,1
DA:33,1
DA:34,1
LF:34
LH:34
BRDA:23,0,0,50
BRF:1
BRH:1
end_of_record
TN:
SF:tests/test_helper.js
FN:101,nonExistingId
FN:114,blogsInDb
FN:119,usersInDb
FNF:3
FNH:2
FNDA:0,nonExistingId
FNDA:11,blogsInDb
FNDA:12,usersInDb
DA:1,1
DA:2,1
DA:3,1
DA:4,1
DA:5,1
DA:6,1
DA:7,1
DA:8,1
DA:9,1
DA:10,1
DA:11,1
DA:12,1
DA:13,1
DA:14,1
DA:15,1
DA:16,1
DA:17,1
DA:18,1
DA:19,1
DA:20,1
DA:21,1
DA:22,1
DA:23,1
DA:24,1
DA:25,1
DA:26,1
DA:27,1
DA:28,1
DA:29,1
DA:30,1
DA:31,1
DA:32,1
DA:33,1
DA:34,1
DA:35,1
DA:36,1
DA:37,1
DA:38,1
DA:39,1
DA:40,1
DA:41,1
DA:42,1
DA:43,1
DA:44,1
DA:45,1
DA:46,1
DA:47,1
DA:48,1
DA:49,1
DA:50,1
DA:51,1
DA:52,1
DA:53,1
DA:54,1
DA:55,1
DA:56,1
DA:57,1
DA:58,1
DA:59,1
DA:60,1
DA:61,1
DA:62,1
DA:63,1
DA:64,1
DA:65,1
DA:66,1
DA:67,1
DA:68,1
DA:69,1
DA:70,1
DA:71,1
DA:72,1
DA:73,1
DA:74,1
DA:75,1
DA:76,1
DA:77,1
DA:78,1
DA:79,1
DA:80,1
DA:81,1
DA:82,1
DA:83,1
DA:84,1
DA:85,1
DA:86,1
DA:87,1
DA:88,1
DA:89,1
DA:90,1
DA:91,1
DA:92,1
DA:93,1
DA:94,1
DA:95,1
DA:96,1
DA:97,1
DA:98,1
DA:99,1
DA:100,1
DA:101,1
DA:102,0
DA:103,0
DA:104,0
DA:105,0
DA:106,0
DA:107,0
DA:108,0
DA:109,0
DA:110,0
DA:111,0
DA:112,0
DA:113,1
DA:114,1
DA:115,11
DA:116,11
DA:117,11
DA:118,1
DA:119,1
DA:120,12
DA:121,12
DA:122,12
DA:123,1
DA:124,1
DA:125,1
DA:126,1
DA:127,1
DA:128,1
DA:129,1
DA:130,1
DA:131,1
DA:132,1
DA:133,1
DA:134,1
LF:134
LH:123
BRDA:114,0,0,11
BRDA:116,1,0,23
BRDA:119,2,0,12
BRDA:121,3,0,19
BRF:4
BRH:4
end_of_record
TN:
SF:utils/config.js
FNF:0
FNH:0
DA:1,1
DA:2,1
DA:3,1
DA:4,1
DA:5,1
DA:6,1
DA:7,1
DA:8,0
DA:9,1
DA:10,1
DA:11,1
DA:12,1
DA:13,1
LF:13
LH:12
BRDA:8,0,0,0
BRF:1
BRH:0
end_of_record
TN:
SF:utils/list_helper.js
FN:1,dummy
FN:6,totalLikes
FN:7,reducer
FN:14,favoriteBlog
FN:26,mostBlogs
FN:38,mostLikes
FNF:6
FNH:6
FNDA:1,dummy
FNDA:1,totalLikes
FNDA:6,reducer
FNDA:1,favoriteBlog
FNDA:1,mostBlogs
FNDA:1,mostLikes
DA:1,1
DA:2,1
DA:3,1
DA:4,1
DA:5,1
DA:6,1
DA:7,1
DA:8,6
DA:9,6
DA:10,1
DA:11,1
DA:12,1
DA:13,1
DA:14,1
DA:15,1
DA:16,1
DA:17,1
DA:18,1
DA:19,1
DA:20,1
DA:21,6
DA:22,6
DA:23,1
DA:24,1
DA:25,1
DA:26,1
DA:27,1
DA:28,1
DA:29,1
DA:30,7
DA:31,4
DA:32,3
DA:33,7
DA:34,1
DA:35,1
DA:36,1
DA:37,1
DA:38,1
DA:39,1
DA:40,1
DA:41,7
DA:42,3
DA:43,3
DA:44,3
DA:45,7
DA:46,1
DA:47,1
DA:48,1
DA:49,1
DA:50,1
DA:51,1
DA:52,1
DA:53,1
DA:54,1
DA:55,1
LF:55
LH:55
BRDA:1,0,0,1
BRDA:6,1,0,1
BRDA:7,2,0,6
BRDA:14,3,0,1
BRDA:20,4,0,6
BRDA:21,5,0,2
BRDA:26,6,0,1
BRDA:29,7,0,7
BRDA:31,8,0,4
BRDA:32,9,0,3
BRDA:34,10,0,4
BRDA:38,11,0,1
BRDA:40,12,0,7
BRDA:41,13,0,3
BRF:14
BRH:14
end_of_record
TN:
SF:utils/logger.js
FN:1,info
FN:7,error
FNF:2
FNH:2
FNDA:248,info
FNDA:6,error
DA:1,1
DA:2,248
DA:3,0
DA:4,0
DA:5,248
DA:6,1
DA:7,1
DA:8,6
DA:9,0
DA:10,0
DA:11,6
DA:12,1
DA:13,1
DA:14,1
DA:15,1
DA:16,1
LF:16
LH:12
BRDA:1,0,0,248
BRDA:2,1,0,0
BRDA:7,2,0,6
BRDA:8,3,0,0
BRF:4
BRH:2
end_of_record
TN:
SF:utils/middleware.js
FN:5,requestLogger
FN:13,tokenExtractor
FN:22,userExtractor
FN:35,unknownEndpoint
FN:39,errorHandler
FNF:5
FNH:4
FNDA:61,requestLogger
FNDA:32,tokenExtractor
FNDA:32,userExtractor
FNDA:0,unknownEndpoint
FNDA:6,errorHandler
DA:1,1
DA:2,1
DA:3,1
DA:4,1
DA:5,1
DA:6,61
DA:7,61
DA:8,61
DA:9,61
DA:10,61
DA:11,61
DA:12,1
DA:13,1
DA:14,32
DA:15,32
DA:16,28
DA:17,32
DA:18,32
DA:19,32
DA:20,32
DA:21,1
DA:22,1
DA:23,32
DA:24,4
DA:25,32
DA:26,28
DA:27,28
DA:28,23
DA:29,23
DA:30,23
DA:31,28
DA:32,27
DA:33,27
DA:34,1
DA:35,1
DA:36,0
DA:37,0
DA:38,1
DA:39,1
DA:40,6
DA:41,6
DA:42,6
DA:43,0
DA:44,6
DA:45,1
DA:46,6
DA:47,5
DA:48,5
DA:49,5
DA:50,5
DA:51,0
DA:52,0
DA:53,0
DA:54,0
DA:55,0
DA:56,0
DA:57,0
DA:58,1
DA:59,1
DA:60,1
DA:61,1
DA:62,1
DA:63,1
DA:64,1
DA:65,1
LF:65
LH:55
BRDA:5,0,0,61
BRDA:13,1,0,32
BRDA:15,2,0,28
BRDA:15,3,0,28
BRDA:17,4,0,4
BRDA:22,5,0,32
BRDA:23,6,0,4
BRDA:25,7,0,28
BRDA:27,8,0,0
BRDA:28,9,0,23
BRDA:31,10,0,27
BRDA:39,11,0,6
BRDA:42,12,0,0
BRDA:44,13,0,1
BRDA:46,14,0,5
BRDA:50,15,0,0
BRDA:54,16,0,0
BRF:17
BRH:13
end_of_record
